<?xml version='1.0'?>
<ns2:test-suite xmlns:ns2='urn:model.allure.qatools.yandex.ru' start='1611797780393' stop='1611797796712'>
    <name>Validate if the homepage gets displayed</name>
    <title>Validate if the homepage gets displayed</title>
    <test-cases>
        <test-case start='1611797780395' status='passed' stop='1611797780903'>
            <name>Given the HD app is displayed and user clicks on Prod button</name>
            <title>Given the HD app is displayed and user clicks on Prod button</title>
            <labels>
                <label name='language' value='javascript'/>
                <label name='framework' value='wdio'/>
                <label name='thread' value='0-0'/>
            </labels>
            <parameters>
                <parameter kind='argument' name='device' value='emulator-5554 11-11'/>
            </parameters>
            <steps/>
            <attachments/>
        </test-case>
        <test-case start='1611797780904' status='broken' stop='1611797786268'>
            <name>And I allow the HD app to access the device location</name>
            <title>And I allow the HD app to access the device location</title>
            <labels>
                <label name='language' value='javascript'/>
                <label name='framework' value='wdio'/>
                <label name='thread' value='0-0'/>
            </labels>
            <parameters>
                <parameter kind='argument' name='device' value='emulator-5554 11-11'/>
            </parameters>
            <steps/>
            <attachments/>
            <failure>
                <message>Can't call click on element with selector "/hierarchy/android.widget.FrameLayout/android.widget.LinearLayout/android.widget.FrameLayout/android.widget.LinearLayout/android.widget.LinearLayout/android.widget.Button[2]" because element wasn't found</message>
                <stack-trace>Error: Can't call click on element with selector "/hierarchy/android.widget.FrameLayout/android.widget.LinearLayout/android.widget.FrameLayout/android.widget.LinearLayout/android.widget.LinearLayout/android.widget.Button[2]" because element wasn't found
                    at Object.implicitWait [as default] (C:\Users\AXS3NOV\wdio-golden\node_modules\webdriverio\build\utils\implicitWait.js:26:19)
                    at Element.runCommandWithHooks (C:\Users\AXS3NOV\wdio-golden\node_modules\@wdio\sync\build\wrapCommand.js:65:24)
                    at Element.wrapCommandFn (C:\Users\AXS3NOV\wdio-golden\node_modules\@wdio\sync\build\wrapCommand.js:44:44)
                    at Element.click (C:\Users\AXS3NOV\wdio-golden\node_modules\webdriverio\build\middlewares.js:34:12)
                    at Context.&lt;anonymous> (C:\Users\AXS3NOV\wdio-golden\api\/validateResetHomescreen.js:14:25)
                    at Context.executeSync (C:\Users\AXS3NOV\wdio-golden\node_modules\@wdio\sync\build\index.js:25:22)
                    at fibers_1.default (C:\Users\AXS3NOV\wdio-golden\node_modules\@wdio\sync\build\index.js:46:68)</stack-trace>
            </failure>
        </test-case>
        <test-case start='1611797786269' status='broken' stop='1611797791485'>
            <name>And I type in the pincode and click on enter</name>
            <title>And I type in the pincode and click on enter</title>
            <labels>
                <label name='language' value='javascript'/>
                <label name='framework' value='wdio'/>
                <label name='thread' value='0-0'/>
            </labels>
            <parameters>
                <parameter kind='argument' name='device' value='emulator-5554 11-11'/>
            </parameters>
            <steps/>
            <attachments/>
            <failure>
                <message>Can't call click on element with selector "/hierarchy/android.widget.FrameLayout/android.widget.LinearLayout/android.widget.FrameLayout/android.widget.LinearLayout/android.widget.FrameLayout/android.widget.FrameLayout/android.widget.FrameLayout/android.widget.LinearLayout/android.widget.LinearLayout/android.widget.LinearLayout[1]/android.widget.RelativeLayout/android.widget.EditText" because element wasn't found</message>
                <stack-trace>Error: Can't call click on element with selector "/hierarchy/android.widget.FrameLayout/android.widget.LinearLayout/android.widget.FrameLayout/android.widget.LinearLayout/android.widget.FrameLayout/android.widget.FrameLayout/android.widget.FrameLayout/android.widget.LinearLayout/android.widget.LinearLayout/android.widget.LinearLayout[1]/android.widget.RelativeLayout/android.widget.EditText" because element wasn't found
                    at Object.implicitWait [as default] (C:\Users\AXS3NOV\wdio-golden\node_modules\webdriverio\build\utils\implicitWait.js:26:19)
                    at Element.runCommandWithHooks (C:\Users\AXS3NOV\wdio-golden\node_modules\@wdio\sync\build\wrapCommand.js:65:24)
                    at Element.wrapCommandFn (C:\Users\AXS3NOV\wdio-golden\node_modules\@wdio\sync\build\wrapCommand.js:44:44)
                    at Element.click (C:\Users\AXS3NOV\wdio-golden\node_modules\webdriverio\build\middlewares.js:34:12)
                    at Context.&lt;anonymous> (C:\Users\AXS3NOV\wdio-golden\api\/validateResetHomescreen.js:23:21)
                    at Context.executeSync (C:\Users\AXS3NOV\wdio-golden\node_modules\@wdio\sync\build\index.js:25:22)
                    at fibers_1.default (C:\Users\AXS3NOV\wdio-golden\node_modules\@wdio\sync\build\index.js:46:68)</stack-trace>
            </failure>
        </test-case>
        <test-case start='1611797791486' status='broken' stop='1611797796608'>
            <name>When I click on the store to localize</name>
            <title>When I click on the store to localize</title>
            <labels>
                <label name='language' value='javascript'/>
                <label name='framework' value='wdio'/>
                <label name='thread' value='0-0'/>
            </labels>
            <parameters>
                <parameter kind='argument' name='device' value='emulator-5554 11-11'/>
            </parameters>
            <steps/>
            <attachments/>
            <failure>
                <message>Can't call click on element with selector "~SCARBOROUGH #7001" because element wasn't found</message>
                <stack-trace>Error: Can't call click on element with selector "~SCARBOROUGH #7001" because element wasn't found
                    at Object.implicitWait [as default] (C:\Users\AXS3NOV\wdio-golden\node_modules\webdriverio\build\utils\implicitWait.js:26:19)
                    at Element.runCommandWithHooks (C:\Users\AXS3NOV\wdio-golden\node_modules\@wdio\sync\build\wrapCommand.js:65:24)
                    at Element.wrapCommandFn (C:\Users\AXS3NOV\wdio-golden\node_modules\@wdio\sync\build\wrapCommand.js:44:44)
                    at Element.click (C:\Users\AXS3NOV\wdio-golden\node_modules\webdriverio\build\middlewares.js:34:12)
                    at Context.&lt;anonymous> (C:\Users\AXS3NOV\wdio-golden\api\/validateResetHomescreen.js:32:18)
                    at Context.executeSync (C:\Users\AXS3NOV\wdio-golden\node_modules\@wdio\sync\build\index.js:25:22)
                    at fibers_1.default (C:\Users\AXS3NOV\wdio-golden\node_modules\@wdio\sync\build\index.js:46:68)</stack-trace>
            </failure>
        </test-case>
        <test-case start='1611797796609' status='passed' stop='1611797796711'>
            <name>Then I validate that the homepage is displayed</name>
            <title>Then I validate that the homepage is displayed</title>
            <labels>
                <label name='language' value='javascript'/>
                <label name='framework' value='wdio'/>
                <label name='thread' value='0-0'/>
            </labels>
            <parameters>
                <parameter kind='argument' name='device' value='emulator-5554 11-11'/>
            </parameters>
            <steps/>
            <attachments/>
        </test-case>
    </test-cases>
</ns2:test-suite>